<?xml version="1.0" encoding="UTF-8"?>
<!-- Generated by org.testng.reporters.JUnitXMLReporter -->
<testsuite hostname="ATMECSINLT-044" ignored="0" name="ValidatingMoreInfoMenuFields" tests="2" failures="0" timestamp="03 Oct 2019 15:10:14 GMT" time="24.12" errors="0">
  <testcase name="@AfterMethod getReport" time="0.0" classname="com.atmecs.atmecswebsite.reports.ExtentReport">
    <failure type="java.lang.NullPointerException">
      <![CDATA[java.lang.NullPointerException
at com.atmecs.atmecswebsite.reports.ExtentReport.getReport(ExtentReport.java:52)
... Removed 28 stack frames]]>
    </failure>
  </testcase> <!-- @AfterMethod getReport -->
  <testcase name="@BeforeMethod initializeBrowser" time="0.0" classname="com.atmecs.atmecswebsite.testbase.InvokeBrowser">
    <skipped/>
  </testcase> <!-- @BeforeMethod initializeBrowser -->
  <testcase name="@AfterMethod getReport" time="0.0" classname="com.atmecs.atmecswebsite.reports.ExtentReport">
    <skipped/>
  </testcase> <!-- @AfterMethod getReport -->
  <testcase name="validateHomePage" time="16.944" classname="com.atmecs.atmecswebsite.testscripts.AtmecsWebsiteHomePage">
    <skipped/>
  </testcase> <!-- validateHomePage -->
  <testcase name="validateHomePage" time="0.0" classname="com.atmecs.atmecswebsite.testscripts.AtmecsWebsiteHomePage">
    <skipped/>
  </testcase> <!-- validateHomePage -->
</testsuite> <!-- ValidatingMoreInfoMenuFields -->
