<?xml version="1.0" encoding="UTF-8"?>
<!-- Generated by org.testng.reporters.JUnitXMLReporter -->
<testsuite hostname="ATMECSINLT-044" ignored="0" name="ValidatingMenuFields" tests="1" failures="0" timestamp="01 Oct 2019 10:05:40 GMT" time="0.917" errors="0">
  <testcase name="@BeforeTest startReports" time="0.829" classname="com.atmecs.atmecswebsite.testscripts.AtmecsWebsiteVerifyFooter">
    <failure type="java.lang.NullPointerException">
      <![CDATA[java.lang.NullPointerException
at com.relevantcodes.extentreports.Report.loadConfig(Report.java:480)
at com.relevantcodes.extentreports.ExtentReports.loadConfig(ExtentReports.java:481)
at com.atmecs.atmecswebsite.reports.ExtentReport.startReport(ExtentReport.java:28)
at com.atmecs.atmecswebsite.testscripts.AtmecsWebsiteVerifyFooter.startReports(AtmecsWebsiteVerifyFooter.java:19)
... Removed 29 stack frames]]>
    </failure>
  </testcase> <!-- @BeforeTest startReports -->
  <testcase name="@BeforeMethod initializeBrowser" time="0.0" classname="com.atmecs.atmecswebsite.testbase.TestBase">
    <skipped/>
  </testcase> <!-- @BeforeMethod initializeBrowser -->
  <testcase name="@AfterMethod getReport" time="0.0" classname="com.atmecs.atmecswebsite.reports.ExtentReport">
    <skipped/>
  </testcase> <!-- @AfterMethod getReport -->
  <testcase name="@AfterTest getClose" time="0.0" classname="com.atmecs.atmecswebsite.reports.ExtentReport">
    <skipped/>
  </testcase> <!-- @AfterTest getClose -->
  <testcase name="verifyFooter" time="0.0" classname="com.atmecs.atmecswebsite.testscripts.AtmecsWebsiteVerifyFooter">
    <skipped/>
  </testcase> <!-- verifyFooter -->
</testsuite> <!-- ValidatingMenuFields -->
