<?xml version="1.0" encoding="UTF-8"?>
<testng-results skipped="3" failed="0" ignored="0" total="3" passed="0">
  <reporter-output>
  </reporter-output>
  <suite name="AtmecsWebsiteValidation (1)" duration-ms="610" started-at="2019-10-01T10:05:40Z" finished-at="2019-10-01T10:05:41Z">
    <groups>
    </groups>
    <test name="ValidatingMenuFields" duration-ms="610" started-at="2019-10-01T10:05:40Z" finished-at="2019-10-01T10:05:41Z">
      <class name="com.atmecs.atmecswebsite.testscripts.ServicesContextMenu">
        <test-method status="FAIL" signature="startReports()[pri:0, instance:com.atmecs.atmecswebsite.testscripts.ServicesContextMenu@4667ae56]" name="startReports" is-config="true" duration-ms="610" started-at="2019-10-01T10:05:40Z" finished-at="2019-10-01T10:05:41Z">
          <exception class="java.lang.NullPointerException">
            <full-stacktrace>
              <![CDATA[java.lang.NullPointerException
at com.relevantcodes.extentreports.Report.loadConfig(Report.java:480)
at com.relevantcodes.extentreports.ExtentReports.loadConfig(ExtentReports.java:481)
at com.atmecs.atmecswebsite.reports.ExtentReport.startReport(ExtentReport.java:28)
at com.atmecs.atmecswebsite.testscripts.ServicesContextMenu.startReports(ServicesContextMenu.java:20)
at sun.reflect.NativeMethodAccessorImpl.invoke0(Native Method)
at sun.reflect.NativeMethodAccessorImpl.invoke(NativeMethodAccessorImpl.java:62)
at sun.reflect.DelegatingMethodAccessorImpl.invoke(DelegatingMethodAccessorImpl.java:43)
at java.lang.reflect.Method.invoke(Method.java:498)
at org.testng.internal.MethodInvocationHelper.invokeMethod(MethodInvocationHelper.java:124)
at org.testng.internal.MethodInvocationHelper.invokeMethodConsideringTimeout(MethodInvocationHelper.java:59)
at org.testng.internal.Invoker.invokeConfigurationMethod(Invoker.java:458)
at org.testng.internal.Invoker.invokeConfigurations(Invoker.java:222)
at org.testng.internal.Invoker.invokeConfigurations(Invoker.java:142)
at org.testng.TestRunner.beforeRun(TestRunner.java:529)
at org.testng.TestRunner.run(TestRunner.java:497)
at org.testng.SuiteRunner.runTest(SuiteRunner.java:455)
at org.testng.SuiteRunner.runSequentially(SuiteRunner.java:450)
at org.testng.SuiteRunner.privateRun(SuiteRunner.java:415)
at org.testng.SuiteRunner.run(SuiteRunner.java:364)
at org.testng.SuiteRunnerWorker.runSuite(SuiteRunnerWorker.java:52)
at org.testng.SuiteRunnerWorker.run(SuiteRunnerWorker.java:84)
at org.testng.TestNG.runSuitesSequentially(TestNG.java:1208)
at org.testng.TestNG.runSuitesSequentially(TestNG.java:1204)
at org.testng.TestNG.runSuitesLocally(TestNG.java:1137)
at org.testng.TestNG.runSuites(TestNG.java:1049)
at org.testng.TestNG.run(TestNG.java:1017)
at org.apache.maven.surefire.testng.TestNGExecutor.run(TestNGExecutor.java:283)
at org.apache.maven.surefire.testng.TestNGXmlTestSuite.execute(TestNGXmlTestSuite.java:75)
at org.apache.maven.surefire.testng.TestNGProvider.invoke(TestNGProvider.java:120)
at org.apache.maven.surefire.booter.ForkedBooter.invokeProviderInSameClassLoader(ForkedBooter.java:384)
at org.apache.maven.surefire.booter.ForkedBooter.runSuitesInProcess(ForkedBooter.java:345)
at org.apache.maven.surefire.booter.ForkedBooter.execute(ForkedBooter.java:126)
at org.apache.maven.surefire.booter.ForkedBooter.main(ForkedBooter.java:418)
]]>
            </full-stacktrace>
          </exception> <!-- java.lang.NullPointerException -->
          <reporter-output>
          </reporter-output>
        </test-method> <!-- startReports -->
        <test-method status="SKIP" signature="getReport(org.testng.ITestResult)[pri:0, instance:com.atmecs.atmecswebsite.testscripts.ServicesContextMenu@4667ae56]" name="getReport" is-config="true" duration-ms="0" started-at="2019-10-01T10:05:41Z" finished-at="2019-10-01T10:05:41Z">
          <reporter-output>
          </reporter-output>
        </test-method> <!-- getReport -->
        <test-method status="SKIP" signature="verifyServicesMenu()[pri:0, instance:com.atmecs.atmecswebsite.testscripts.ServicesContextMenu@4667ae56]" name="verifyServicesMenu" duration-ms="0" started-at="2019-10-01T10:05:41Z" finished-at="2019-10-01T10:05:41Z">
          <exception class="java.lang.NullPointerException">
            <full-stacktrace>
              <![CDATA[java.lang.NullPointerException
at com.relevantcodes.extentreports.Report.loadConfig(Report.java:480)
at com.relevantcodes.extentreports.ExtentReports.loadConfig(ExtentReports.java:481)
at com.atmecs.atmecswebsite.reports.ExtentReport.startReport(ExtentReport.java:28)
at com.atmecs.atmecswebsite.testscripts.ServicesContextMenu.startReports(ServicesContextMenu.java:20)
at sun.reflect.NativeMethodAccessorImpl.invoke0(Native Method)
at sun.reflect.NativeMethodAccessorImpl.invoke(NativeMethodAccessorImpl.java:62)
at sun.reflect.DelegatingMethodAccessorImpl.invoke(DelegatingMethodAccessorImpl.java:43)
at java.lang.reflect.Method.invoke(Method.java:498)
at org.testng.internal.MethodInvocationHelper.invokeMethod(MethodInvocationHelper.java:124)
at org.testng.internal.MethodInvocationHelper.invokeMethodConsideringTimeout(MethodInvocationHelper.java:59)
at org.testng.internal.Invoker.invokeConfigurationMethod(Invoker.java:458)
at org.testng.internal.Invoker.invokeConfigurations(Invoker.java:222)
at org.testng.internal.Invoker.invokeConfigurations(Invoker.java:142)
at org.testng.TestRunner.beforeRun(TestRunner.java:529)
at org.testng.TestRunner.run(TestRunner.java:497)
at org.testng.SuiteRunner.runTest(SuiteRunner.java:455)
at org.testng.SuiteRunner.runSequentially(SuiteRunner.java:450)
at org.testng.SuiteRunner.privateRun(SuiteRunner.java:415)
at org.testng.SuiteRunner.run(SuiteRunner.java:364)
at org.testng.SuiteRunnerWorker.runSuite(SuiteRunnerWorker.java:52)
at org.testng.SuiteRunnerWorker.run(SuiteRunnerWorker.java:84)
at org.testng.TestNG.runSuitesSequentially(TestNG.java:1208)
at org.testng.TestNG.runSuitesSequentially(TestNG.java:1204)
at org.testng.TestNG.runSuitesLocally(TestNG.java:1137)
at org.testng.TestNG.runSuites(TestNG.java:1049)
at org.testng.TestNG.run(TestNG.java:1017)
at org.apache.maven.surefire.testng.TestNGExecutor.run(TestNGExecutor.java:283)
at org.apache.maven.surefire.testng.TestNGXmlTestSuite.execute(TestNGXmlTestSuite.java:75)
at org.apache.maven.surefire.testng.TestNGProvider.invoke(TestNGProvider.java:120)
at org.apache.maven.surefire.booter.ForkedBooter.invokeProviderInSameClassLoader(ForkedBooter.java:384)
at org.apache.maven.surefire.booter.ForkedBooter.runSuitesInProcess(ForkedBooter.java:345)
at org.apache.maven.surefire.booter.ForkedBooter.execute(ForkedBooter.java:126)
at org.apache.maven.surefire.booter.ForkedBooter.main(ForkedBooter.java:418)
]]>
            </full-stacktrace>
          </exception> <!-- java.lang.NullPointerException -->
          <reporter-output>
          </reporter-output>
        </test-method> <!-- verifyServicesMenu -->
        <test-method status="SKIP" signature="initializeBrowser()[pri:0, instance:com.atmecs.atmecswebsite.testscripts.ServicesContextMenu@4667ae56]" name="initializeBrowser" is-config="true" duration-ms="0" started-at="2019-10-01T10:05:41Z" finished-at="2019-10-01T10:05:41Z">
          <reporter-output>
          </reporter-output>
        </test-method> <!-- initializeBrowser -->
        <test-method status="SKIP" signature="getClose()[pri:0, instance:com.atmecs.atmecswebsite.testscripts.ServicesContextMenu@4667ae56]" name="getClose" is-config="true" duration-ms="0" started-at="2019-10-01T10:05:41Z" finished-at="2019-10-01T10:05:41Z">
          <reporter-output>
          </reporter-output>
        </test-method> <!-- getClose -->
      </class> <!-- com.atmecs.atmecswebsite.testscripts.ServicesContextMenu -->
    </test> <!-- ValidatingMenuFields -->
  </suite> <!-- AtmecsWebsiteValidation (1) -->
  <suite name="AtmecsWebsiteValidation (2)" duration-ms="596" started-at="2019-10-01T10:05:41Z" finished-at="2019-10-01T10:05:41Z">
    <groups>
    </groups>
    <test name="ValidatingMenuFields" duration-ms="596" started-at="2019-10-01T10:05:41Z" finished-at="2019-10-01T10:05:41Z">
      <class name="com.atmecs.atmecswebsite.testscripts.InsightBlog">
        <test-method status="FAIL" signature="startReports()[pri:0, instance:com.atmecs.atmecswebsite.testscripts.InsightBlog@464bee09]" name="startReports" is-config="true" duration-ms="595" started-at="2019-10-01T10:05:41Z" finished-at="2019-10-01T10:05:41Z">
          <exception class="java.lang.NullPointerException">
            <full-stacktrace>
              <![CDATA[java.lang.NullPointerException
at com.relevantcodes.extentreports.Report.loadConfig(Report.java:480)
at com.relevantcodes.extentreports.ExtentReports.loadConfig(ExtentReports.java:481)
at com.atmecs.atmecswebsite.reports.ExtentReport.startReport(ExtentReport.java:28)
at com.atmecs.atmecswebsite.testscripts.InsightBlog.startReports(InsightBlog.java:18)
at sun.reflect.NativeMethodAccessorImpl.invoke0(Native Method)
at sun.reflect.NativeMethodAccessorImpl.invoke(NativeMethodAccessorImpl.java:62)
at sun.reflect.DelegatingMethodAccessorImpl.invoke(DelegatingMethodAccessorImpl.java:43)
at java.lang.reflect.Method.invoke(Method.java:498)
at org.testng.internal.MethodInvocationHelper.invokeMethod(MethodInvocationHelper.java:124)
at org.testng.internal.MethodInvocationHelper.invokeMethodConsideringTimeout(MethodInvocationHelper.java:59)
at org.testng.internal.Invoker.invokeConfigurationMethod(Invoker.java:458)
at org.testng.internal.Invoker.invokeConfigurations(Invoker.java:222)
at org.testng.internal.Invoker.invokeConfigurations(Invoker.java:142)
at org.testng.TestRunner.beforeRun(TestRunner.java:529)
at org.testng.TestRunner.run(TestRunner.java:497)
at org.testng.SuiteRunner.runTest(SuiteRunner.java:455)
at org.testng.SuiteRunner.runSequentially(SuiteRunner.java:450)
at org.testng.SuiteRunner.privateRun(SuiteRunner.java:415)
at org.testng.SuiteRunner.run(SuiteRunner.java:364)
at org.testng.SuiteRunnerWorker.runSuite(SuiteRunnerWorker.java:52)
at org.testng.SuiteRunnerWorker.run(SuiteRunnerWorker.java:84)
at org.testng.TestNG.runSuitesSequentially(TestNG.java:1208)
at org.testng.TestNG.runSuitesSequentially(TestNG.java:1204)
at org.testng.TestNG.runSuitesLocally(TestNG.java:1137)
at org.testng.TestNG.runSuites(TestNG.java:1049)
at org.testng.TestNG.run(TestNG.java:1017)
at org.apache.maven.surefire.testng.TestNGExecutor.run(TestNGExecutor.java:283)
at org.apache.maven.surefire.testng.TestNGXmlTestSuite.execute(TestNGXmlTestSuite.java:75)
at org.apache.maven.surefire.testng.TestNGProvider.invoke(TestNGProvider.java:120)
at org.apache.maven.surefire.booter.ForkedBooter.invokeProviderInSameClassLoader(ForkedBooter.java:384)
at org.apache.maven.surefire.booter.ForkedBooter.runSuitesInProcess(ForkedBooter.java:345)
at org.apache.maven.surefire.booter.ForkedBooter.execute(ForkedBooter.java:126)
at org.apache.maven.surefire.booter.ForkedBooter.main(ForkedBooter.java:418)
]]>
            </full-stacktrace>
          </exception> <!-- java.lang.NullPointerException -->
          <reporter-output>
          </reporter-output>
        </test-method> <!-- startReports -->
        <test-method status="SKIP" signature="getClose()[pri:0, instance:com.atmecs.atmecswebsite.testscripts.InsightBlog@464bee09]" name="getClose" is-config="true" duration-ms="0" started-at="2019-10-01T10:05:41Z" finished-at="2019-10-01T10:05:41Z">
          <reporter-output>
          </reporter-output>
        </test-method> <!-- getClose -->
        <test-method status="SKIP" signature="insightBlog()[pri:0, instance:com.atmecs.atmecswebsite.testscripts.InsightBlog@464bee09]" name="insightBlog" duration-ms="0" started-at="2019-10-01T10:05:41Z" finished-at="2019-10-01T10:05:41Z">
          <exception class="java.lang.NullPointerException">
            <full-stacktrace>
              <![CDATA[java.lang.NullPointerException
at com.relevantcodes.extentreports.Report.loadConfig(Report.java:480)
at com.relevantcodes.extentreports.ExtentReports.loadConfig(ExtentReports.java:481)
at com.atmecs.atmecswebsite.reports.ExtentReport.startReport(ExtentReport.java:28)
at com.atmecs.atmecswebsite.testscripts.InsightBlog.startReports(InsightBlog.java:18)
at sun.reflect.NativeMethodAccessorImpl.invoke0(Native Method)
at sun.reflect.NativeMethodAccessorImpl.invoke(NativeMethodAccessorImpl.java:62)
at sun.reflect.DelegatingMethodAccessorImpl.invoke(DelegatingMethodAccessorImpl.java:43)
at java.lang.reflect.Method.invoke(Method.java:498)
at org.testng.internal.MethodInvocationHelper.invokeMethod(MethodInvocationHelper.java:124)
at org.testng.internal.MethodInvocationHelper.invokeMethodConsideringTimeout(MethodInvocationHelper.java:59)
at org.testng.internal.Invoker.invokeConfigurationMethod(Invoker.java:458)
at org.testng.internal.Invoker.invokeConfigurations(Invoker.java:222)
at org.testng.internal.Invoker.invokeConfigurations(Invoker.java:142)
at org.testng.TestRunner.beforeRun(TestRunner.java:529)
at org.testng.TestRunner.run(TestRunner.java:497)
at org.testng.SuiteRunner.runTest(SuiteRunner.java:455)
at org.testng.SuiteRunner.runSequentially(SuiteRunner.java:450)
at org.testng.SuiteRunner.privateRun(SuiteRunner.java:415)
at org.testng.SuiteRunner.run(SuiteRunner.java:364)
at org.testng.SuiteRunnerWorker.runSuite(SuiteRunnerWorker.java:52)
at org.testng.SuiteRunnerWorker.run(SuiteRunnerWorker.java:84)
at org.testng.TestNG.runSuitesSequentially(TestNG.java:1208)
at org.testng.TestNG.runSuitesSequentially(TestNG.java:1204)
at org.testng.TestNG.runSuitesLocally(TestNG.java:1137)
at org.testng.TestNG.runSuites(TestNG.java:1049)
at org.testng.TestNG.run(TestNG.java:1017)
at org.apache.maven.surefire.testng.TestNGExecutor.run(TestNGExecutor.java:283)
at org.apache.maven.surefire.testng.TestNGXmlTestSuite.execute(TestNGXmlTestSuite.java:75)
at org.apache.maven.surefire.testng.TestNGProvider.invoke(TestNGProvider.java:120)
at org.apache.maven.surefire.booter.ForkedBooter.invokeProviderInSameClassLoader(ForkedBooter.java:384)
at org.apache.maven.surefire.booter.ForkedBooter.runSuitesInProcess(ForkedBooter.java:345)
at org.apache.maven.surefire.booter.ForkedBooter.execute(ForkedBooter.java:126)
at org.apache.maven.surefire.booter.ForkedBooter.main(ForkedBooter.java:418)
]]>
            </full-stacktrace>
          </exception> <!-- java.lang.NullPointerException -->
          <reporter-output>
          </reporter-output>
        </test-method> <!-- insightBlog -->
        <test-method status="SKIP" signature="getReport(org.testng.ITestResult)[pri:0, instance:com.atmecs.atmecswebsite.testscripts.InsightBlog@464bee09]" name="getReport" is-config="true" duration-ms="0" started-at="2019-10-01T10:05:41Z" finished-at="2019-10-01T10:05:41Z">
          <reporter-output>
          </reporter-output>
        </test-method> <!-- getReport -->
        <test-method status="SKIP" signature="initializeBrowser()[pri:0, instance:com.atmecs.atmecswebsite.testscripts.InsightBlog@464bee09]" name="initializeBrowser" is-config="true" duration-ms="0" started-at="2019-10-01T10:05:41Z" finished-at="2019-10-01T10:05:41Z">
          <reporter-output>
          </reporter-output>
        </test-method> <!-- initializeBrowser -->
      </class> <!-- com.atmecs.atmecswebsite.testscripts.InsightBlog -->
    </test> <!-- ValidatingMenuFields -->
  </suite> <!-- AtmecsWebsiteValidation (2) -->
  <suite name="AtmecsWebsiteValidation" duration-ms="0" started-at="2019-10-01T10:05:41Z" finished-at="2019-10-01T10:05:41Z">
    <groups>
    </groups>
  </suite> <!-- AtmecsWebsiteValidation -->
  <suite name="AtmecsWebsiteValidation (0)" duration-ms="917" started-at="2019-10-01T10:05:39Z" finished-at="2019-10-01T10:05:40Z">
    <groups>
    </groups>
    <test name="ValidatingMenuFields" duration-ms="917" started-at="2019-10-01T10:05:39Z" finished-at="2019-10-01T10:05:40Z">
      <class name="com.atmecs.atmecswebsite.testscripts.AtmecsWebsiteVerifyFooter">
        <test-method status="FAIL" signature="startReports()[pri:0, instance:com.atmecs.atmecswebsite.testscripts.AtmecsWebsiteVerifyFooter@29774679]" name="startReports" is-config="true" duration-ms="829" started-at="2019-10-01T10:05:39Z" finished-at="2019-10-01T10:05:40Z">
          <exception class="java.lang.NullPointerException">
            <full-stacktrace>
              <![CDATA[java.lang.NullPointerException
at com.relevantcodes.extentreports.Report.loadConfig(Report.java:480)
at com.relevantcodes.extentreports.ExtentReports.loadConfig(ExtentReports.java:481)
at com.atmecs.atmecswebsite.reports.ExtentReport.startReport(ExtentReport.java:28)
at com.atmecs.atmecswebsite.testscripts.AtmecsWebsiteVerifyFooter.startReports(AtmecsWebsiteVerifyFooter.java:19)
at sun.reflect.NativeMethodAccessorImpl.invoke0(Native Method)
at sun.reflect.NativeMethodAccessorImpl.invoke(NativeMethodAccessorImpl.java:62)
at sun.reflect.DelegatingMethodAccessorImpl.invoke(DelegatingMethodAccessorImpl.java:43)
at java.lang.reflect.Method.invoke(Method.java:498)
at org.testng.internal.MethodInvocationHelper.invokeMethod(MethodInvocationHelper.java:124)
at org.testng.internal.MethodInvocationHelper.invokeMethodConsideringTimeout(MethodInvocationHelper.java:59)
at org.testng.internal.Invoker.invokeConfigurationMethod(Invoker.java:458)
at org.testng.internal.Invoker.invokeConfigurations(Invoker.java:222)
at org.testng.internal.Invoker.invokeConfigurations(Invoker.java:142)
at org.testng.TestRunner.beforeRun(TestRunner.java:529)
at org.testng.TestRunner.run(TestRunner.java:497)
at org.testng.SuiteRunner.runTest(SuiteRunner.java:455)
at org.testng.SuiteRunner.runSequentially(SuiteRunner.java:450)
at org.testng.SuiteRunner.privateRun(SuiteRunner.java:415)
at org.testng.SuiteRunner.run(SuiteRunner.java:364)
at org.testng.SuiteRunnerWorker.runSuite(SuiteRunnerWorker.java:52)
at org.testng.SuiteRunnerWorker.run(SuiteRunnerWorker.java:84)
at org.testng.TestNG.runSuitesSequentially(TestNG.java:1208)
at org.testng.TestNG.runSuitesSequentially(TestNG.java:1204)
at org.testng.TestNG.runSuitesLocally(TestNG.java:1137)
at org.testng.TestNG.runSuites(TestNG.java:1049)
at org.testng.TestNG.run(TestNG.java:1017)
at org.apache.maven.surefire.testng.TestNGExecutor.run(TestNGExecutor.java:283)
at org.apache.maven.surefire.testng.TestNGXmlTestSuite.execute(TestNGXmlTestSuite.java:75)
at org.apache.maven.surefire.testng.TestNGProvider.invoke(TestNGProvider.java:120)
at org.apache.maven.surefire.booter.ForkedBooter.invokeProviderInSameClassLoader(ForkedBooter.java:384)
at org.apache.maven.surefire.booter.ForkedBooter.runSuitesInProcess(ForkedBooter.java:345)
at org.apache.maven.surefire.booter.ForkedBooter.execute(ForkedBooter.java:126)
at org.apache.maven.surefire.booter.ForkedBooter.main(ForkedBooter.java:418)
]]>
            </full-stacktrace>
          </exception> <!-- java.lang.NullPointerException -->
          <reporter-output>
          </reporter-output>
        </test-method> <!-- startReports -->
        <test-method status="SKIP" signature="initializeBrowser()[pri:0, instance:com.atmecs.atmecswebsite.testscripts.AtmecsWebsiteVerifyFooter@29774679]" name="initializeBrowser" is-config="true" duration-ms="0" started-at="2019-10-01T10:05:40Z" finished-at="2019-10-01T10:05:40Z">
          <reporter-output>
          </reporter-output>
        </test-method> <!-- initializeBrowser -->
        <test-method status="SKIP" signature="getClose()[pri:0, instance:com.atmecs.atmecswebsite.testscripts.AtmecsWebsiteVerifyFooter@29774679]" name="getClose" is-config="true" duration-ms="0" started-at="2019-10-01T10:05:40Z" finished-at="2019-10-01T10:05:40Z">
          <reporter-output>
          </reporter-output>
        </test-method> <!-- getClose -->
        <test-method status="SKIP" signature="verifyFooter()[pri:0, instance:com.atmecs.atmecswebsite.testscripts.AtmecsWebsiteVerifyFooter@29774679]" name="verifyFooter" duration-ms="0" started-at="2019-10-01T10:05:40Z" finished-at="2019-10-01T10:05:40Z">
          <exception class="java.lang.NullPointerException">
            <full-stacktrace>
              <![CDATA[java.lang.NullPointerException
at com.relevantcodes.extentreports.Report.loadConfig(Report.java:480)
at com.relevantcodes.extentreports.ExtentReports.loadConfig(ExtentReports.java:481)
at com.atmecs.atmecswebsite.reports.ExtentReport.startReport(ExtentReport.java:28)
at com.atmecs.atmecswebsite.testscripts.AtmecsWebsiteVerifyFooter.startReports(AtmecsWebsiteVerifyFooter.java:19)
at sun.reflect.NativeMethodAccessorImpl.invoke0(Native Method)
at sun.reflect.NativeMethodAccessorImpl.invoke(NativeMethodAccessorImpl.java:62)
at sun.reflect.DelegatingMethodAccessorImpl.invoke(DelegatingMethodAccessorImpl.java:43)
at java.lang.reflect.Method.invoke(Method.java:498)
at org.testng.internal.MethodInvocationHelper.invokeMethod(MethodInvocationHelper.java:124)
at org.testng.internal.MethodInvocationHelper.invokeMethodConsideringTimeout(MethodInvocationHelper.java:59)
at org.testng.internal.Invoker.invokeConfigurationMethod(Invoker.java:458)
at org.testng.internal.Invoker.invokeConfigurations(Invoker.java:222)
at org.testng.internal.Invoker.invokeConfigurations(Invoker.java:142)
at org.testng.TestRunner.beforeRun(TestRunner.java:529)
at org.testng.TestRunner.run(TestRunner.java:497)
at org.testng.SuiteRunner.runTest(SuiteRunner.java:455)
at org.testng.SuiteRunner.runSequentially(SuiteRunner.java:450)
at org.testng.SuiteRunner.privateRun(SuiteRunner.java:415)
at org.testng.SuiteRunner.run(SuiteRunner.java:364)
at org.testng.SuiteRunnerWorker.runSuite(SuiteRunnerWorker.java:52)
at org.testng.SuiteRunnerWorker.run(SuiteRunnerWorker.java:84)
at org.testng.TestNG.runSuitesSequentially(TestNG.java:1208)
at org.testng.TestNG.runSuitesSequentially(TestNG.java:1204)
at org.testng.TestNG.runSuitesLocally(TestNG.java:1137)
at org.testng.TestNG.runSuites(TestNG.java:1049)
at org.testng.TestNG.run(TestNG.java:1017)
at org.apache.maven.surefire.testng.TestNGExecutor.run(TestNGExecutor.java:283)
at org.apache.maven.surefire.testng.TestNGXmlTestSuite.execute(TestNGXmlTestSuite.java:75)
at org.apache.maven.surefire.testng.TestNGProvider.invoke(TestNGProvider.java:120)
at org.apache.maven.surefire.booter.ForkedBooter.invokeProviderInSameClassLoader(ForkedBooter.java:384)
at org.apache.maven.surefire.booter.ForkedBooter.runSuitesInProcess(ForkedBooter.java:345)
at org.apache.maven.surefire.booter.ForkedBooter.execute(ForkedBooter.java:126)
at org.apache.maven.surefire.booter.ForkedBooter.main(ForkedBooter.java:418)
]]>
            </full-stacktrace>
          </exception> <!-- java.lang.NullPointerException -->
          <reporter-output>
          </reporter-output>
        </test-method> <!-- verifyFooter -->
        <test-method status="SKIP" signature="getReport(org.testng.ITestResult)[pri:0, instance:com.atmecs.atmecswebsite.testscripts.AtmecsWebsiteVerifyFooter@29774679]" name="getReport" is-config="true" duration-ms="0" started-at="2019-10-01T10:05:40Z" finished-at="2019-10-01T10:05:40Z">
          <reporter-output>
          </reporter-output>
        </test-method> <!-- getReport -->
      </class> <!-- com.atmecs.atmecswebsite.testscripts.AtmecsWebsiteVerifyFooter -->
    </test> <!-- ValidatingMenuFields -->
  </suite> <!-- AtmecsWebsiteValidation (0) -->
</testng-results>
