<?xml version="1.0" encoding="UTF-8"?>
<testng-results skipped="0" failed="0" ignored="0" total="1" passed="1">
  <reporter-output>
  </reporter-output>
  <suite name="Default suite" duration-ms="33531" started-at="2019-09-30T15:16:01Z" finished-at="2019-09-30T15:16:35Z">
    <groups>
    </groups>
    <test name="Default test" duration-ms="33531" started-at="2019-09-30T15:16:01Z" finished-at="2019-09-30T15:16:35Z">
      <class name="com.atmecs.atmecswebsite.testscripts.InsightBlog">
        <test-method status="PASS" signature="initializeBrowser()[pri:0, instance:com.atmecs.atmecswebsite.testscripts.InsightBlog@1f28c152]" name="initializeBrowser" is-config="true" duration-ms="22247" started-at="2019-09-30T15:16:01Z" finished-at="2019-09-30T15:16:24Z">
          <reporter-output>
          </reporter-output>
        </test-method> <!-- initializeBrowser -->
        <test-method status="PASS" signature="insightBlog()[pri:0, instance:com.atmecs.atmecswebsite.testscripts.InsightBlog@1f28c152]" name="insightBlog" duration-ms="11245" started-at="2019-09-30T15:16:24Z" finished-at="2019-09-30T15:16:35Z">
          <reporter-output>
          </reporter-output>
        </test-method> <!-- insightBlog -->
        <test-method status="PASS" signature="endTest()[pri:0, instance:com.atmecs.atmecswebsite.testscripts.InsightBlog@1f28c152]" name="endTest" is-config="true" duration-ms="1075" started-at="2019-09-30T15:16:35Z" finished-at="2019-09-30T15:16:36Z">
          <reporter-output>
          </reporter-output>
        </test-method> <!-- endTest -->
      </class> <!-- com.atmecs.atmecswebsite.testscripts.InsightBlog -->
    </test> <!-- Default test -->
  </suite> <!-- Default suite -->
</testng-results>
